sniffing on h2-eth0
got a packet
###[ Ethernet ]### 
  dst       = 00:00:00:00:02:02
  src       = 00:00:00:02:03:00
  type      = 0x800
###[ IP ]### 
     version   = 4L
     ihl       = 10L
     tos       = 0x0
     len       = 37
     id        = 1
     flags     = 
     frag      = 0L
     ttl       = 62
     proto     = udp
     chksum    = 0x60c5
     src       = 10.0.1.1
     dst       = 10.0.2.2
     \options   \
      |###[ MRI ]### 
      |  copy_flag = 0L
      |  optclass  = control
      |  option    = 31L
      |  length    = 20
      |  count     = 2
      |  \swtraces  \
      |   |###[ SwitchTrace ]### 
      |   |  swid      = 2
      |   |  qdepth    = 0
      |   |###[ SwitchTrace ]### 
      |   |  swid      = 1
      |   |  qdepth    = 0
###[ UDP ]### 
        sport     = 1234
        dport     = 4321
        len       = 13
        chksum    = 0x8f4c
###[ Raw ]### 
           load      = 'he'
###[ Padding ]### 
              load      = 'llo'

got a packet
###[ Ethernet ]### 
  dst       = 00:00:00:00:02:02
  src       = 00:00:00:02:03:00
  type      = 0x800
###[ IP ]### 
     version   = 4L
     ihl       = 10L
     tos       = 0x0
     len       = 37
     id        = 1
     flags     = 
     frag      = 0L
     ttl       = 62
     proto     = udp
     chksum    = 0x60c5
     src       = 10.0.1.1
     dst       = 10.0.2.2
     \options   \
      |###[ MRI ]### 
      |  copy_flag = 0L
      |  optclass  = control
      |  option    = 31L
      |  length    = 20
      |  count     = 2
      |  \swtraces  \
      |   |###[ SwitchTrace ]### 
      |   |  swid      = 2
      |   |  qdepth    = 0
      |   |###[ SwitchTrace ]### 
      |   |  swid      = 1
      |   |  qdepth    = 0
###[ UDP ]### 
        sport     = 1234
        dport     = 4321
        len       = 13
        chksum    = 0x8f4c
###[ Raw ]### 
           load      = 'he'
###[ Padding ]### 
              load      = 'llo'

got a packet
###[ Ethernet ]### 
  dst       = 00:00:00:00:02:02
  src       = 00:00:00:02:03:00
  type      = 0x800
###[ IP ]### 
     version   = 4L
     ihl       = 10L
     tos       = 0x0
     len       = 37
     id        = 1
     flags     = 
     frag      = 0L
     ttl       = 62
     proto     = udp
     chksum    = 0x60c5
     src       = 10.0.1.1
     dst       = 10.0.2.2
     \options   \
      |###[ MRI ]### 
      |  copy_flag = 0L
      |  optclass  = control
      |  option    = 31L
      |  length    = 20
      |  count     = 2
      |  \swtraces  \
      |   |###[ SwitchTrace ]### 
      |   |  swid      = 2
      |   |  qdepth    = 0
      |   |###[ SwitchTrace ]### 
      |   |  swid      = 1
      |   |  qdepth    = 0
###[ UDP ]### 
        sport     = 1234
        dport     = 4321
        len       = 13
        chksum    = 0x8f4c
###[ Raw ]### 
           load      = 'he'
###[ Padding ]### 
              load      = 'llo'

got a packet
###[ Ethernet ]### 
  dst       = 00:00:00:00:02:02
  src       = 00:00:00:02:03:00
  type      = 0x800
###[ IP ]### 
     version   = 4L
     ihl       = 10L
     tos       = 0x0
     len       = 37
     id        = 1
     flags     = 
     frag      = 0L
     ttl       = 62
     proto     = udp
     chksum    = 0x60c5
     src       = 10.0.1.1
     dst       = 10.0.2.2
     \options   \
      |###[ MRI ]### 
      |  copy_flag = 0L
      |  optclass  = control
      |  option    = 31L
      |  length    = 20
      |  count     = 2
      |  \swtraces  \
      |   |###[ SwitchTrace ]### 
      |   |  swid      = 2
      |   |  qdepth    = 0
      |   |###[ SwitchTrace ]### 
      |   |  swid      = 1
      |   |  qdepth    = 0
###[ UDP ]### 
        sport     = 1234
        dport     = 4321
        len       = 13
        chksum    = 0x8f4c
###[ Raw ]### 
           load      = 'he'
###[ Padding ]### 
              load      = 'llo'

got a packet
###[ Ethernet ]### 
  dst       = 00:00:00:00:02:02
  src       = 00:00:00:02:03:00
  type      = 0x800
###[ IP ]### 
     version   = 4L
     ihl       = 10L
     tos       = 0x0
     len       = 37
     id        = 1
     flags     = 
     frag      = 0L
     ttl       = 62
     proto     = udp
     chksum    = 0x60c5
     src       = 10.0.1.1
     dst       = 10.0.2.2
     \options   \
      |###[ MRI ]### 
      |  copy_flag = 0L
      |  optclass  = control
      |  option    = 31L
      |  length    = 20
      |  count     = 2
      |  \swtraces  \
      |   |###[ SwitchTrace ]### 
      |   |  swid      = 2
      |   |  qdepth    = 0
      |   |###[ SwitchTrace ]### 
      |   |  swid      = 1
      |   |  qdepth    = 0
###[ UDP ]### 
        sport     = 1234
        dport     = 4321
        len       = 13
        chksum    = 0x8f4c
###[ Raw ]### 
           load      = 'he'
###[ Padding ]### 
              load      = 'llo'

got a packet
###[ Ethernet ]### 
  dst       = 00:00:00:00:02:02
  src       = 00:00:00:02:03:00
  type      = 0x800
###[ IP ]### 
     version   = 4L
     ihl       = 10L
     tos       = 0x0
     len       = 37
     id        = 1
     flags     = 
     frag      = 0L
     ttl       = 62
     proto     = udp
     chksum    = 0x60c5
     src       = 10.0.1.1
     dst       = 10.0.2.2
     \options   \
      |###[ MRI ]### 
      |  copy_flag = 0L
      |  optclass  = control
      |  option    = 31L
      |  length    = 20
      |  count     = 2
      |  \swtraces  \
      |   |###[ SwitchTrace ]### 
      |   |  swid      = 2
      |   |  qdepth    = 0
      |   |###[ SwitchTrace ]### 
      |   |  swid      = 1
      |   |  qdepth    = 0
###[ UDP ]### 
        sport     = 1234
        dport     = 4321
        len       = 13
        chksum    = 0x8f4c
###[ Raw ]### 
           load      = 'he'
###[ Padding ]### 
              load      = 'llo'

got a packet
###[ Ethernet ]### 
  dst       = 00:00:00:00:02:02
  src       = 00:00:00:02:03:00
  type      = 0x800
###[ IP ]### 
     version   = 4L
     ihl       = 10L
     tos       = 0x0
     len       = 37
     id        = 1
     flags     = 
     frag      = 0L
     ttl       = 62
     proto     = udp
     chksum    = 0x60c5
     src       = 10.0.1.1
     dst       = 10.0.2.2
     \options   \
      |###[ MRI ]### 
      |  copy_flag = 0L
      |  optclass  = control
      |  option    = 31L
      |  length    = 20
      |  count     = 2
      |  \swtraces  \
      |   |###[ SwitchTrace ]### 
      |   |  swid      = 2
      |   |  qdepth    = 0
      |   |###[ SwitchTrace ]### 
      |   |  swid      = 1
      |   |  qdepth    = 0
###[ UDP ]### 
        sport     = 1234
        dport     = 4321
        len       = 13
        chksum    = 0x8f4c
###[ Raw ]### 
           load      = 'he'
###[ Padding ]### 
              load      = 'llo'

got a packet
###[ Ethernet ]### 
  dst       = 00:00:00:00:02:02
  src       = 00:00:00:02:03:00
  type      = 0x800
###[ IP ]### 
     version   = 4L
     ihl       = 10L
     tos       = 0x0
     len       = 37
     id        = 1
     flags     = 
     frag      = 0L
     ttl       = 62
     proto     = udp
     chksum    = 0x60c5
     src       = 10.0.1.1
     dst       = 10.0.2.2
     \options   \
      |###[ MRI ]### 
      |  copy_flag = 0L
      |  optclass  = control
      |  option    = 31L
      |  length    = 20
      |  count     = 2
      |  \swtraces  \
      |   |###[ SwitchTrace ]### 
      |   |  swid      = 2
      |   |  qdepth    = 0
      |   |###[ SwitchTrace ]### 
      |   |  swid      = 1
      |   |  qdepth    = 29
###[ UDP ]### 
        sport     = 1234
        dport     = 4321
        len       = 13
        chksum    = 0x8f4c
###[ Raw ]### 
           load      = 'he'
###[ Padding ]### 
              load      = 'llo'

got a packet
###[ Ethernet ]### 
  dst       = 00:00:00:00:02:02
  src       = 00:00:00:02:03:00
  type      = 0x800
###[ IP ]### 
     version   = 4L
     ihl       = 10L
     tos       = 0x0
     len       = 37
     id        = 1
     flags     = 
     frag      = 0L
     ttl       = 62
     proto     = udp
     chksum    = 0x60c5
     src       = 10.0.1.1
     dst       = 10.0.2.2
     \options   \
      |###[ MRI ]### 
      |  copy_flag = 0L
      |  optclass  = control
      |  option    = 31L
      |  length    = 20
      |  count     = 2
      |  \swtraces  \
      |   |###[ SwitchTrace ]### 
      |   |  swid      = 2
      |   |  qdepth    = 0
      |   |###[ SwitchTrace ]### 
      |   |  swid      = 1
      |   |  qdepth    = 53
###[ UDP ]### 
        sport     = 1234
        dport     = 4321
        len       = 13
        chksum    = 0x8f4c
###[ Raw ]### 
           load      = 'he'
###[ Padding ]### 
              load      = 'llo'

got a packet
###[ Ethernet ]### 
  dst       = 00:00:00:00:02:02
  src       = 00:00:00:02:03:00
  type      = 0x800
###[ IP ]### 
     version   = 4L
     ihl       = 10L
     tos       = 0x0
     len       = 37
     id        = 1
     flags     = 
     frag      = 0L
     ttl       = 62
     proto     = udp
     chksum    = 0x60c5
     src       = 10.0.1.1
     dst       = 10.0.2.2
     \options   \
      |###[ MRI ]### 
      |  copy_flag = 0L
      |  optclass  = control
      |  option    = 31L
      |  length    = 20
      |  count     = 2
      |  \swtraces  \
      |   |###[ SwitchTrace ]### 
      |   |  swid      = 2
      |   |  qdepth    = 0
      |   |###[ SwitchTrace ]### 
      |   |  swid      = 1
      |   |  qdepth    = 61
###[ UDP ]### 
        sport     = 1234
        dport     = 4321
        len       = 13
        chksum    = 0x8f4c
###[ Raw ]### 
           load      = 'he'
###[ Padding ]### 
              load      = 'llo'

got a packet
###[ Ethernet ]### 
  dst       = 00:00:00:00:02:02
  src       = 00:00:00:02:03:00
  type      = 0x800
###[ IP ]### 
     version   = 4L
     ihl       = 10L
     tos       = 0x0
     len       = 37
     id        = 1
     flags     = 
     frag      = 0L
     ttl       = 62
     proto     = udp
     chksum    = 0x60c5
     src       = 10.0.1.1
     dst       = 10.0.2.2
     \options   \
      |###[ MRI ]### 
      |  copy_flag = 0L
      |  optclass  = control
      |  option    = 31L
      |  length    = 20
      |  count     = 2
      |  \swtraces  \
      |   |###[ SwitchTrace ]### 
      |   |  swid      = 2
      |   |  qdepth    = 0
      |   |###[ SwitchTrace ]### 
      |   |  swid      = 1
      |   |  qdepth    = 24
###[ UDP ]### 
        sport     = 1234
        dport     = 4321
        len       = 13
        chksum    = 0x8f4c
###[ Raw ]### 
           load      = 'he'
###[ Padding ]### 
              load      = 'llo'

got a packet
###[ Ethernet ]### 
  dst       = 00:00:00:00:02:02
  src       = 00:00:00:02:03:00
  type      = 0x800
###[ IP ]### 
     version   = 4L
     ihl       = 10L
     tos       = 0x0
     len       = 37
     id        = 1
     flags     = 
     frag      = 0L
     ttl       = 62
     proto     = udp
     chksum    = 0x60c5
     src       = 10.0.1.1
     dst       = 10.0.2.2
     \options   \
      |###[ MRI ]### 
      |  copy_flag = 0L
      |  optclass  = control
      |  option    = 31L
      |  length    = 20
      |  count     = 2
      |  \swtraces  \
      |   |###[ SwitchTrace ]### 
      |   |  swid      = 2
      |   |  qdepth    = 0
      |   |###[ SwitchTrace ]### 
      |   |  swid      = 1
      |   |  qdepth    = 32
###[ UDP ]### 
        sport     = 1234
        dport     = 4321
        len       = 13
        chksum    = 0x8f4c
###[ Raw ]### 
           load      = 'he'
###[ Padding ]### 
              load      = 'llo'

got a packet
###[ Ethernet ]### 
  dst       = 00:00:00:00:02:02
  src       = 00:00:00:02:03:00
  type      = 0x800
###[ IP ]### 
     version   = 4L
     ihl       = 10L
     tos       = 0x0
     len       = 37
     id        = 1
     flags     = 
     frag      = 0L
     ttl       = 62
     proto     = udp
     chksum    = 0x60c5
     src       = 10.0.1.1
     dst       = 10.0.2.2
     \options   \
      |###[ MRI ]### 
      |  copy_flag = 0L
      |  optclass  = control
      |  option    = 31L
      |  length    = 20
      |  count     = 2
      |  \swtraces  \
      |   |###[ SwitchTrace ]### 
      |   |  swid      = 2
      |   |  qdepth    = 0
      |   |###[ SwitchTrace ]### 
      |   |  swid      = 1
      |   |  qdepth    = 43
###[ UDP ]### 
        sport     = 1234
        dport     = 4321
        len       = 13
        chksum    = 0x8f4c
###[ Raw ]### 
           load      = 'he'
###[ Padding ]### 
              load      = 'llo'

